TN:
SF:src\App.ts
FN:15,(anonymous_8)
FN:15,(anonymous_9)
FN:56,(anonymous_10)
FN:57,(anonymous_11)
FN:67,(anonymous_12)
FN:70,(anonymous_13)
FNF:6
FNH:5
FNDA:1,(anonymous_8)
FNDA:1,(anonymous_9)
FNDA:1,(anonymous_10)
FNDA:1,(anonymous_11)
FNDA:1,(anonymous_12)
FNDA:0,(anonymous_13)
DA:1,1
DA:2,1
DA:3,1
DA:4,1
DA:5,1
DA:6,1
DA:7,1
DA:9,1
DA:10,1
DA:15,1
DA:16,1
DA:17,1
DA:18,1
DA:19,1
DA:21,1
DA:23,1
DA:32,1
DA:34,1
DA:35,1
DA:36,1
DA:38,0
DA:41,1
DA:42,1
DA:43,1
DA:44,1
DA:47,1
DA:48,1
DA:49,1
DA:51,1
DA:52,1
DA:53,0
DA:56,1
DA:57,1
DA:58,1
DA:62,1
DA:63,1
DA:66,1
DA:68,1
DA:71,0
LF:39
LH:36
BRDA:41,0,0,1
BRDA:41,0,1,0
BRDA:51,1,0,0
BRDA:51,1,1,1
BRDA:52,2,0,0
BRDA:52,2,1,1
BRDA:62,3,0,0
BRDA:62,3,1,1
BRDA:62,4,0,1
BRDA:62,4,1,1
BRF:10
BRH:6
end_of_record
TN:
SF:src\inners\models\aggregates\UserAggregate.ts
FNF:0
FNH:0
LF:0
LH:0
BRF:0
BRH:0
end_of_record
TN:
SF:src\inners\models\value_objects\Result.ts
FN:6,(anonymous_0)
FNF:1
FNH:1
FNDA:1,(anonymous_0)
DA:1,1
DA:11,1
DA:12,1
DA:13,1
LF:4
LH:4
BRF:0
BRH:0
end_of_record
TN:
SF:src\inners\models\value_objects\requests\authentications\LoginByEmailAndPasswordRequest.ts
FN:5,(anonymous_0)
FNF:1
FNH:0
FNDA:0,(anonymous_0)
DA:9,0
DA:10,0
LF:2
LH:0
BRF:0
BRH:0
end_of_record
TN:
SF:src\inners\models\value_objects\requests\authentications\LoginByUsernameAndPasswordRequest.ts
FN:5,(anonymous_0)
FNF:1
FNH:0
FNDA:0,(anonymous_0)
DA:9,0
DA:10,0
LF:2
LH:0
BRF:0
BRH:0
end_of_record
TN:
SF:src\inners\models\value_objects\requests\authentications\RegisterUserRequest.ts
FN:15,(anonymous_0)
FNF:1
FNH:0
FNDA:0,(anonymous_0)
DA:16,0
DA:17,0
DA:18,0
DA:19,0
DA:20,0
DA:21,0
DA:22,0
DA:23,0
DA:24,0
DA:25,0
LF:10
LH:0
BRF:0
BRH:0
end_of_record
TN:
SF:src\inners\use_cases\authentications\LoginAuthentication.ts
FN:12,(anonymous_8)
FN:16,(anonymous_9)
FN:16,(anonymous_10)
FN:45,(anonymous_11)
FN:45,(anonymous_12)
FNF:5
FNH:1
FNDA:1,(anonymous_8)
FNDA:0,(anonymous_9)
FNDA:0,(anonymous_10)
FNDA:0,(anonymous_11)
FNDA:0,(anonymous_12)
DA:3,1
DA:9,1
DA:13,1
DA:16,1
DA:17,0
DA:18,0
DA:20,0
DA:28,0
DA:29,0
DA:31,0
DA:38,0
DA:45,1
DA:46,0
DA:47,0
DA:49,0
DA:57,0
DA:58,0
DA:60,0
DA:67,0
LF:19
LH:5
BRF:0
BRH:0
end_of_record
TN:
SF:src\inners\use_cases\authentications\RegisterAuthentication.ts
FN:12,(anonymous_8)
FN:16,(anonymous_9)
FN:16,(anonymous_10)
FNF:3
FNH:1
FNDA:1,(anonymous_8)
FNDA:0,(anonymous_9)
FNDA:0,(anonymous_10)
DA:3,1
DA:6,1
DA:9,1
DA:13,1
DA:16,1
DA:18,0
DA:19,0
DA:20,0
DA:22,0
DA:25,0
DA:26,0
DA:33,0
DA:50,0
DA:52,0
LF:14
LH:5
BRDA:25,0,0,0
BRDA:25,0,1,0
BRF:2
BRH:0
end_of_record
TN:
SF:src\inners\use_cases\managements\UserManagement.ts
FN:8,(anonymous_8)
FN:12,(anonymous_9)
FN:12,(anonymous_10)
FN:21,(anonymous_11)
FN:21,(anonymous_12)
FN:30,(anonymous_13)
FN:30,(anonymous_14)
FN:39,(anonymous_15)
FN:39,(anonymous_16)
FN:48,(anonymous_17)
FN:48,(anonymous_18)
FN:57,(anonymous_19)
FN:57,(anonymous_20)
FN:66,(anonymous_21)
FN:66,(anonymous_22)
FN:75,(anonymous_23)
FN:75,(anonymous_24)
FN:84,(anonymous_25)
FN:84,(anonymous_26)
FNF:19
FNH:3
FNDA:1,(anonymous_8)
FNDA:1,(anonymous_9)
FNDA:1,(anonymous_10)
FNDA:0,(anonymous_11)
FNDA:0,(anonymous_12)
FNDA:0,(anonymous_13)
FNDA:0,(anonymous_14)
FNDA:0,(anonymous_15)
FNDA:0,(anonymous_16)
FNDA:0,(anonymous_17)
FNDA:0,(anonymous_18)
FNDA:0,(anonymous_19)
FNDA:0,(anonymous_20)
FNDA:0,(anonymous_21)
FNDA:0,(anonymous_22)
FNDA:0,(anonymous_23)
FNDA:0,(anonymous_24)
FNDA:0,(anonymous_25)
FNDA:0,(anonymous_26)
DA:2,1
DA:5,1
DA:9,1
DA:12,1
DA:13,1
DA:14,1
DA:21,1
DA:22,0
DA:23,0
DA:30,1
DA:31,0
DA:32,0
DA:39,1
DA:40,0
DA:41,0
DA:48,1
DA:49,0
DA:50,0
DA:57,1
DA:58,0
DA:59,0
DA:66,1
DA:67,0
DA:68,0
DA:75,1
DA:76,0
DA:77,0
DA:84,1
DA:85,0
DA:86,0
LF:30
LH:14
BRF:0
BRH:0
end_of_record
TN:
SF:src\outers\configurations\DotenvConfiguration.ts
FNF:0
FNH:0
DA:1,1
DA:3,1
DA:9,1
LF:3
LH:3
BRF:0
BRH:0
end_of_record
TN:
SF:src\outers\controllers\rests\AuthenticationControllerRest.ts
FN:17,(anonymous_1)
FN:27,(anonymous_2)
FN:32,(anonymous_3)
FN:37,(anonymous_4)
FN:40,(anonymous_5)
FN:60,(anonymous_6)
FN:65,(anonymous_7)
FN:68,(anonymous_8)
FNF:8
FNH:2
FNDA:1,(anonymous_1)
FNDA:1,(anonymous_2)
FNDA:0,(anonymous_3)
FNDA:0,(anonymous_4)
FNDA:0,(anonymous_5)
FNDA:0,(anonymous_6)
FNDA:0,(anonymous_7)
FNDA:0,(anonymous_8)
DA:3,1
DA:12,1
DA:22,1
DA:23,1
DA:24,1
DA:27,1
DA:28,1
DA:29,1
DA:32,1
DA:33,0
DA:34,0
DA:35,0
DA:36,0
DA:38,0
DA:41,0
DA:50,0
DA:60,1
DA:61,0
DA:62,0
DA:63,0
DA:64,0
DA:66,0
DA:69,0
DA:78,0
LF:24
LH:10
BRDA:34,0,0,0
BRDA:34,0,1,0
BRDA:62,1,0,0
BRDA:62,1,1,0
BRF:4
BRH:0
end_of_record
TN:
SF:src\outers\controllers\rests\UserControllerRest.ts
FN:11,(anonymous_0)
FN:16,(anonymous_1)
FN:24,(anonymous_2)
FN:27,(anonymous_3)
FN:30,(anonymous_4)
FN:39,(anonymous_5)
FN:43,(anonymous_6)
FN:46,(anonymous_7)
FN:55,(anonymous_8)
FN:58,(anonymous_9)
FN:61,(anonymous_10)
FN:70,(anonymous_11)
FN:74,(anonymous_12)
FN:77,(anonymous_13)
FN:86,(anonymous_14)
FN:90,(anonymous_15)
FN:93,(anonymous_16)
FNF:17
FNH:4
FNDA:1,(anonymous_0)
FNDA:1,(anonymous_1)
FNDA:1,(anonymous_2)
FNDA:1,(anonymous_3)
FNDA:0,(anonymous_4)
FNDA:0,(anonymous_5)
FNDA:0,(anonymous_6)
FNDA:0,(anonymous_7)
FNDA:0,(anonymous_8)
FNDA:0,(anonymous_9)
FNDA:0,(anonymous_10)
FNDA:0,(anonymous_11)
FNDA:0,(anonymous_12)
FNDA:0,(anonymous_13)
FNDA:0,(anonymous_14)
FNDA:0,(anonymous_15)
FNDA:0,(anonymous_16)
DA:7,1
DA:12,1
DA:13,1
DA:16,1
DA:17,1
DA:18,1
DA:19,1
DA:20,1
DA:21,1
DA:24,1
DA:25,1
DA:28,1
DA:31,0
DA:39,1
DA:40,0
DA:41,0
DA:44,0
DA:47,0
DA:55,1
DA:56,0
DA:59,0
DA:62,0
DA:70,1
DA:71,0
DA:72,0
DA:75,0
DA:78,0
DA:86,1
DA:87,0
DA:88,0
DA:91,0
DA:94,0
LF:32
LH:16
BRF:0
BRH:0
end_of_record
TN:
SF:src\outers\datastores\OneDatastore.ts
FN:3,(anonymous_7)
FN:6,(anonymous_8)
FN:6,(anonymous_9)
FN:19,(anonymous_10)
FN:19,(anonymous_11)
FNF:5
FNH:5
FNDA:3,(anonymous_7)
FNDA:12,(anonymous_8)
FNDA:12,(anonymous_9)
FNDA:11,(anonymous_10)
FNDA:11,(anonymous_11)
DA:1,2
DA:3,2
DA:6,12
DA:7,12
DA:8,12
DA:9,0
DA:12,12
DA:19,11
DA:20,11
DA:21,0
LF:10
LH:8
BRDA:8,0,0,0
BRDA:8,0,1,12
BRDA:20,1,0,0
BRDA:20,1,1,11
BRF:4
BRH:2
end_of_record
TN:
SF:src\outers\middlewares\CaseExpressMiddleware.ts
FN:6,(anonymous_1)
FN:7,(anonymous_2)
FN:9,(anonymous_3)
FN:23,(anonymous_4)
FNF:4
FNH:4
FNDA:1,(anonymous_1)
FNDA:1,(anonymous_2)
FNDA:1,(anonymous_3)
FNDA:1,(anonymous_4)
DA:2,1
DA:6,1
DA:7,1
DA:8,1
DA:9,1
DA:10,1
DA:11,1
DA:12,1
DA:13,1
DA:14,1
DA:16,0
DA:18,1
DA:20,1
DA:23,1
DA:24,1
DA:25,1
DA:26,1
DA:27,1
DA:30,1
DA:33,1
LF:20
LH:19
BRF:0
BRH:0
end_of_record
TN:
SF:src\outers\repositories\UserRepository.ts
FN:9,(anonymous_7)
FN:21,(anonymous_8)
FN:21,(anonymous_9)
FN:33,(anonymous_10)
FN:33,(anonymous_11)
FN:49,(anonymous_12)
FN:49,(anonymous_13)
FN:65,(anonymous_14)
FN:65,(anonymous_15)
FN:81,(anonymous_16)
FN:81,(anonymous_17)
FN:98,(anonymous_18)
FN:98,(anonymous_19)
FN:115,(anonymous_20)
FN:115,(anonymous_21)
FN:129,(anonymous_22)
FN:129,(anonymous_23)
FN:146,(anonymous_24)
FN:146,(anonymous_25)
FNF:19
FNH:3
FNDA:1,(anonymous_7)
FNDA:1,(anonymous_8)
FNDA:1,(anonymous_9)
FNDA:0,(anonymous_10)
FNDA:0,(anonymous_11)
FNDA:0,(anonymous_12)
FNDA:0,(anonymous_13)
FNDA:0,(anonymous_14)
FNDA:0,(anonymous_15)
FNDA:0,(anonymous_16)
FNDA:0,(anonymous_17)
FNDA:0,(anonymous_18)
FNDA:0,(anonymous_19)
FNDA:0,(anonymous_20)
FNDA:0,(anonymous_21)
FNDA:0,(anonymous_22)
FNDA:0,(anonymous_23)
FNDA:0,(anonymous_24)
FNDA:0,(anonymous_25)
DA:5,1
DA:10,1
DA:11,1
DA:21,1
DA:22,1
DA:23,1
DA:24,0
DA:26,1
DA:27,1
DA:28,0
DA:30,1
DA:33,1
DA:34,0
DA:39,0
DA:40,0
DA:42,0
DA:43,0
DA:44,0
DA:46,0
DA:49,1
DA:50,0
DA:55,0
DA:56,0
DA:58,0
DA:59,0
DA:60,0
DA:62,0
DA:65,1
DA:66,0
DA:71,0
DA:72,0
DA:74,0
DA:75,0
DA:76,0
DA:78,0
DA:81,1
DA:82,0
DA:88,0
DA:89,0
DA:91,0
DA:92,0
DA:93,0
DA:95,0
DA:98,1
DA:99,0
DA:105,0
DA:106,0
DA:108,0
DA:109,0
DA:110,0
DA:112,0
DA:115,1
DA:116,0
DA:119,0
DA:120,0
DA:122,0
DA:123,0
DA:124,0
DA:126,0
DA:129,1
DA:130,0
DA:136,0
DA:137,0
DA:139,0
DA:140,0
DA:141,0
DA:143,0
DA:146,1
DA:147,0
DA:152,0
DA:153,0
DA:155,0
DA:156,0
DA:157,0
DA:159,0
LF:75
LH:17
BRDA:23,0,0,0
BRDA:23,0,1,1
BRDA:26,1,0,0
BRDA:26,1,1,1
BRDA:26,2,0,1
BRDA:26,2,1,1
BRDA:27,3,0,0
BRDA:27,3,1,1
BRDA:39,4,0,0
BRDA:39,4,1,0
BRDA:42,5,0,0
BRDA:42,5,1,0
BRDA:42,6,0,0
BRDA:42,6,1,0
BRDA:43,7,0,0
BRDA:43,7,1,0
BRDA:55,8,0,0
BRDA:55,8,1,0
BRDA:58,9,0,0
BRDA:58,9,1,0
BRDA:58,10,0,0
BRDA:58,10,1,0
BRDA:59,11,0,0
BRDA:59,11,1,0
BRDA:71,12,0,0
BRDA:71,12,1,0
BRDA:74,13,0,0
BRDA:74,13,1,0
BRDA:74,14,0,0
BRDA:74,14,1,0
BRDA:75,15,0,0
BRDA:75,15,1,0
BRDA:88,16,0,0
BRDA:88,16,1,0
BRDA:91,17,0,0
BRDA:91,17,1,0
BRDA:91,18,0,0
BRDA:91,18,1,0
BRDA:92,19,0,0
BRDA:92,19,1,0
BRDA:105,20,0,0
BRDA:105,20,1,0
BRDA:108,21,0,0
BRDA:108,21,1,0
BRDA:108,22,0,0
BRDA:108,22,1,0
BRDA:109,23,0,0
BRDA:109,23,1,0
BRDA:119,24,0,0
BRDA:119,24,1,0
BRDA:122,25,0,0
BRDA:122,25,1,0
BRDA:122,26,0,0
BRDA:122,26,1,0
BRDA:123,27,0,0
BRDA:123,27,1,0
BRDA:136,28,0,0
BRDA:136,28,1,0
BRDA:139,29,0,0
BRDA:139,29,1,0
BRDA:139,30,0,0
BRDA:139,30,1,0
BRDA:140,31,0,0
BRDA:140,31,1,0
BRDA:152,32,0,0
BRDA:152,32,1,0
BRDA:155,33,0,0
BRDA:155,33,1,0
BRDA:155,34,0,0
BRDA:155,34,1,0
BRDA:156,35,0,0
BRDA:156,35,1,0
BRF:72
BRH:5
end_of_record
TN:
SF:src\outers\routes\RootRoute.ts
FN:16,(anonymous_8)
FN:22,(anonymous_9)
FN:22,(anonymous_10)
FN:47,(anonymous_11)
FN:47,(anonymous_12)
FNF:5
FNH:5
FNDA:1,(anonymous_8)
FNDA:1,(anonymous_9)
FNDA:1,(anonymous_10)
FNDA:1,(anonymous_11)
FNDA:1,(anonymous_12)
DA:1,1
DA:3,1
DA:4,1
DA:5,1
DA:7,1
DA:8,1
DA:9,1
DA:11,1
DA:17,1
DA:18,1
DA:19,1
DA:22,1
DA:23,1
DA:25,1
DA:26,1
DA:27,1
DA:31,1
DA:32,1
DA:34,1
DA:35,1
DA:36,1
DA:41,1
DA:42,1
DA:44,1
DA:47,1
LF:25
LH:25
BRF:0
BRH:0
end_of_record
TN:
SF:src\outers\seeders\OneSeeder.ts
FN:7,(anonymous_7)
FN:11,(anonymous_8)
FN:11,(anonymous_9)
FN:49,(anonymous_10)
FN:49,(anonymous_11)
FNF:5
FNH:5
FNDA:1,(anonymous_7)
FNDA:1,(anonymous_8)
FNDA:1,(anonymous_9)
FNDA:1,(anonymous_10)
FNDA:1,(anonymous_11)
DA:2,1
DA:4,1
DA:8,1
DA:11,1
DA:12,1
DA:46,1
DA:49,1
DA:50,1
LF:8
LH:8
BRDA:12,0,0,0
BRDA:12,0,1,1
BRDA:12,1,0,1
BRDA:12,1,1,1
BRF:4
BRH:3
end_of_record
TN:
SF:src\outers\utilities\ObjectUtility.ts
FN:2,(anonymous_0)
FN:3,(anonymous_1)
FNF:2
FNH:0
FNDA:0,(anonymous_0)
FNDA:0,(anonymous_1)
DA:2,0
DA:3,0
DA:4,0
DA:5,0
DA:6,0
DA:10,0
LF:6
LH:0
BRDA:5,0,0,0
BRDA:5,0,1,0
BRF:2
BRH:0
end_of_record
