TN:
SF:src/App.ts
FN:15,(anonymous_8)
FN:15,(anonymous_9)
FN:56,(anonymous_10)
FN:57,(anonymous_11)
FN:67,(anonymous_12)
FN:70,(anonymous_13)
FNF:6
FNH:5
FNDA:2,(anonymous_8)
FNDA:2,(anonymous_9)
FNDA:2,(anonymous_10)
FNDA:2,(anonymous_11)
FNDA:2,(anonymous_12)
FNDA:0,(anonymous_13)
DA:1,2
DA:2,2
DA:3,2
DA:4,2
DA:5,2
DA:6,2
DA:7,2
DA:9,2
DA:10,2
DA:15,2
DA:16,2
DA:17,2
DA:18,2
DA:19,2
DA:21,2
DA:23,2
DA:32,2
DA:34,2
DA:35,2
DA:36,2
DA:38,0
DA:41,2
DA:42,2
DA:43,2
DA:44,2
DA:47,2
DA:48,2
DA:49,2
DA:51,2
DA:52,2
DA:53,0
DA:56,2
DA:57,2
DA:58,2
DA:62,2
DA:63,2
DA:66,2
DA:68,2
DA:71,0
LF:39
LH:36
BRDA:41,0,0,2
BRDA:41,0,1,0
BRDA:51,1,0,0
BRDA:51,1,1,2
BRDA:52,2,0,0
BRDA:52,2,1,2
BRDA:62,3,0,0
BRDA:62,3,1,2
BRDA:62,4,0,2
BRDA:62,4,1,2
BRF:10
BRH:6
end_of_record
TN:
SF:src/inners/models/entities/User.ts
FN:7,(anonymous_0)
FNF:1
FNH:1
FNDA:6,(anonymous_0)
DA:1,2
DA:13,6
DA:14,6
DA:15,6
DA:16,6
LF:5
LH:5
BRF:0
BRH:0
end_of_record
TN:
SF:src/inners/models/value_objects/Result.ts
FN:6,(anonymous_0)
FNF:1
FNH:1
FNDA:16,(anonymous_0)
DA:1,2
DA:11,16
DA:12,16
DA:13,16
LF:4
LH:4
BRF:0
BRH:0
end_of_record
TN:
SF:src/inners/models/value_objects/requests/authentications/LoginByUsernameAndPasswordRequest.ts
FN:5,(anonymous_0)
FNF:1
FNH:1
FNDA:3,(anonymous_0)
DA:1,1
DA:9,3
DA:10,3
LF:3
LH:3
BRF:0
BRH:0
end_of_record
TN:
SF:src/inners/models/value_objects/requests/authentications/RegisterByUsernameAndPasswordRequest.ts
FN:5,(anonymous_0)
FNF:1
FNH:1
FNDA:2,(anonymous_0)
DA:1,1
DA:9,2
DA:10,2
LF:3
LH:3
BRF:0
BRH:0
end_of_record
TN:
SF:src/inners/use_cases/authentications/LoginAuthentication.ts
FN:12,(anonymous_8)
FN:16,(anonymous_9)
FN:16,(anonymous_10)
FNF:3
FNH:3
FNDA:2,(anonymous_8)
FNDA:3,(anonymous_9)
FNDA:3,(anonymous_10)
DA:6,2
DA:7,2
DA:9,2
DA:13,2
DA:16,3
DA:17,3
DA:18,0
DA:20,3
DA:21,0
DA:24,3
DA:25,3
DA:27,1
DA:35,2
DA:36,2
DA:38,1
DA:45,1
LF:16
LH:14
BRDA:17,0,0,0
BRDA:17,0,1,3
BRDA:20,1,0,0
BRDA:20,1,1,3
BRF:4
BRH:2
end_of_record
TN:
SF:src/inners/use_cases/authentications/RegisterAuthentication.ts
FN:12,(anonymous_8)
FN:16,(anonymous_9)
FN:16,(anonymous_10)
FNF:3
FNH:3
FNDA:2,(anonymous_8)
FNDA:2,(anonymous_9)
FNDA:2,(anonymous_10)
DA:5,2
DA:6,2
DA:7,2
DA:9,2
DA:13,2
DA:16,2
DA:17,2
DA:18,0
DA:20,2
DA:21,0
DA:25,2
DA:26,2
DA:27,1
DA:29,1
DA:32,2
DA:33,1
DA:40,1
DA:45,1
DA:47,1
LF:19
LH:17
BRDA:17,0,0,0
BRDA:17,0,1,2
BRDA:20,1,0,0
BRDA:20,1,1,2
BRDA:32,2,0,1
BRDA:32,2,1,1
BRF:6
BRH:4
end_of_record
TN:
SF:src/inners/use_cases/managements/UserManagement.ts
FN:8,(anonymous_8)
FN:12,(anonymous_9)
FN:12,(anonymous_10)
FN:21,(anonymous_11)
FN:21,(anonymous_12)
FN:30,(anonymous_13)
FN:30,(anonymous_14)
FN:39,(anonymous_15)
FN:39,(anonymous_16)
FN:48,(anonymous_17)
FN:48,(anonymous_18)
FN:57,(anonymous_19)
FN:57,(anonymous_20)
FN:66,(anonymous_21)
FN:66,(anonymous_22)
FNF:15
FNH:15
FNDA:2,(anonymous_8)
FNDA:2,(anonymous_9)
FNDA:2,(anonymous_10)
FNDA:1,(anonymous_11)
FNDA:1,(anonymous_12)
FNDA:5,(anonymous_13)
FNDA:5,(anonymous_14)
FNDA:2,(anonymous_15)
FNDA:2,(anonymous_16)
FNDA:2,(anonymous_17)
FNDA:2,(anonymous_18)
FNDA:1,(anonymous_19)
FNDA:1,(anonymous_20)
FNDA:1,(anonymous_21)
FNDA:1,(anonymous_22)
DA:2,2
DA:5,2
DA:9,2
DA:12,2
DA:13,2
DA:14,2
DA:21,2
DA:22,1
DA:23,1
DA:30,5
DA:31,5
DA:32,3
DA:39,2
DA:40,2
DA:41,1
DA:48,2
DA:49,2
DA:50,2
DA:57,2
DA:58,1
DA:59,1
DA:66,2
DA:67,1
DA:68,1
LF:24
LH:24
BRF:0
BRH:0
end_of_record
TN:
SF:src/outers/configurations/DotenvConfiguration.ts
FNF:0
FNH:0
DA:1,2
DA:3,2
DA:9,2
LF:3
LH:3
BRF:0
BRH:0
end_of_record
TN:
SF:src/outers/controllers/rests/AuthenticationControllerRest.ts
FN:17,(anonymous_1)
FN:27,(anonymous_2)
FN:32,(anonymous_3)
FN:37,(anonymous_4)
FN:40,(anonymous_5)
FN:60,(anonymous_6)
FN:65,(anonymous_7)
FN:68,(anonymous_8)
FNF:8
FNH:6
FNDA:2,(anonymous_1)
FNDA:2,(anonymous_2)
FNDA:3,(anonymous_3)
FNDA:3,(anonymous_4)
FNDA:0,(anonymous_5)
FNDA:2,(anonymous_6)
FNDA:2,(anonymous_7)
FNDA:0,(anonymous_8)
DA:4,2
DA:12,2
DA:22,2
DA:23,2
DA:24,2
DA:27,2
DA:28,2
DA:29,2
DA:32,2
DA:33,3
DA:34,3
DA:35,3
DA:36,3
DA:38,3
DA:41,0
DA:50,0
DA:60,2
DA:61,2
DA:62,2
DA:63,2
DA:64,2
DA:66,2
DA:69,0
DA:78,0
LF:24
LH:20
BRDA:34,0,0,3
BRDA:34,0,1,0
BRDA:62,1,0,2
BRDA:62,1,1,0
BRF:4
BRH:2
end_of_record
TN:
SF:src/outers/controllers/rests/UserControllerRest.ts
FN:11,(anonymous_0)
FN:16,(anonymous_1)
FN:24,(anonymous_2)
FN:29,(anonymous_3)
FN:32,(anonymous_4)
FN:41,(anonymous_5)
FN:45,(anonymous_6)
FN:48,(anonymous_7)
FN:57,(anonymous_8)
FN:60,(anonymous_9)
FN:63,(anonymous_10)
FN:72,(anonymous_11)
FN:76,(anonymous_12)
FN:79,(anonymous_13)
FN:88,(anonymous_14)
FN:92,(anonymous_15)
FN:95,(anonymous_16)
FNF:17
FNH:12
FNDA:2,(anonymous_0)
FNDA:2,(anonymous_1)
FNDA:2,(anonymous_2)
FNDA:2,(anonymous_3)
FNDA:0,(anonymous_4)
FNDA:1,(anonymous_5)
FNDA:1,(anonymous_6)
FNDA:0,(anonymous_7)
FNDA:1,(anonymous_8)
FNDA:1,(anonymous_9)
FNDA:0,(anonymous_10)
FNDA:1,(anonymous_11)
FNDA:1,(anonymous_12)
FNDA:0,(anonymous_13)
FNDA:1,(anonymous_14)
FNDA:1,(anonymous_15)
FNDA:0,(anonymous_16)
DA:7,2
DA:12,2
DA:13,2
DA:16,2
DA:17,2
DA:18,2
DA:19,2
DA:20,2
DA:21,2
DA:24,2
DA:25,2
DA:26,2
DA:27,2
DA:30,2
DA:33,0
DA:41,2
DA:42,1
DA:43,1
DA:46,1
DA:49,0
DA:57,2
DA:58,1
DA:61,1
DA:64,0
DA:72,2
DA:73,1
DA:74,1
DA:77,1
DA:80,0
DA:88,2
DA:89,1
DA:90,1
DA:93,1
DA:96,0
LF:34
LH:29
BRDA:26,0,0,1
BRDA:26,0,1,1
BRF:2
BRH:2
end_of_record
TN:
SF:src/outers/datastores/OneDatastore.ts
FN:4,(anonymous_14)
FN:7,(anonymous_15)
FN:7,(anonymous_16)
FN:44,(anonymous_17)
FN:44,(anonymous_18)
FNF:5
FNH:5
FNDA:4,(anonymous_14)
FNDA:13,(anonymous_15)
FNDA:13,(anonymous_16)
FNDA:11,(anonymous_17)
FNDA:11,(anonymous_18)
DA:1,2
DA:2,2
DA:4,2
DA:7,13
DA:8,13
DA:9,13
DA:10,0
DA:13,13
DA:14,13
DA:15,0
DA:18,13
DA:19,13
DA:20,0
DA:23,13
DA:24,13
DA:25,0
DA:28,13
DA:29,13
DA:30,0
DA:33,13
DA:35,13
DA:41,13
DA:44,11
DA:45,11
LF:24
LH:19
BRDA:9,0,0,0
BRDA:9,0,1,13
BRDA:14,1,0,0
BRDA:14,1,1,13
BRDA:19,2,0,0
BRDA:19,2,1,13
BRDA:24,3,0,0
BRDA:24,3,1,13
BRDA:29,4,0,0
BRDA:29,4,1,13
BRF:10
BRH:5
end_of_record
TN:
SF:src/outers/middlewares/CaseExpressMiddleware.ts
FN:6,(anonymous_1)
FN:7,(anonymous_2)
FN:9,(anonymous_3)
FN:23,(anonymous_4)
FNF:4
FNH:4
FNDA:2,(anonymous_1)
FNDA:11,(anonymous_2)
FNDA:11,(anonymous_3)
FNDA:11,(anonymous_4)
DA:2,2
DA:6,2
DA:7,2
DA:8,11
DA:9,11
DA:10,11
DA:11,11
DA:12,11
DA:13,11
DA:14,11
DA:16,0
DA:18,11
DA:20,11
DA:23,2
DA:24,11
DA:25,11
DA:26,11
DA:27,11
DA:30,2
DA:33,2
LF:20
LH:19
BRF:0
BRH:0
end_of_record
TN:
SF:src/outers/migrations/OneMigration.ts
FN:6,(anonymous_7)
FN:10,(anonymous_8)
FN:10,(anonymous_9)
FN:15,(anonymous_10)
FN:15,(anonymous_11)
FNF:5
FNH:5
FNDA:2,(anonymous_7)
FNDA:2,(anonymous_8)
FNDA:2,(anonymous_9)
FNDA:2,(anonymous_10)
FNDA:2,(anonymous_11)
DA:3,2
DA:7,2
DA:10,2
DA:12,2
DA:15,2
DA:17,2
LF:6
LH:6
BRF:0
BRH:0
end_of_record
TN:
SF:src/outers/repositories/UserRepository.ts
FN:9,(anonymous_8)
FN:13,(anonymous_9)
FN:13,(anonymous_10)
FN:26,(anonymous_11)
FN:26,(anonymous_12)
FN:34,(anonymous_13)
FN:34,(anonymous_14)
FN:42,(anonymous_15)
FN:42,(anonymous_16)
FN:53,(anonymous_17)
FN:53,(anonymous_18)
FN:57,(anonymous_19)
FN:57,(anonymous_20)
FN:65,(anonymous_21)
FN:65,(anonymous_22)
FNF:15
FNH:15
FNDA:2,(anonymous_8)
FNDA:2,(anonymous_9)
FNDA:2,(anonymous_10)
FNDA:1,(anonymous_11)
FNDA:1,(anonymous_12)
FNDA:5,(anonymous_13)
FNDA:5,(anonymous_14)
FNDA:2,(anonymous_15)
FNDA:2,(anonymous_16)
FNDA:2,(anonymous_17)
FNDA:2,(anonymous_18)
FNDA:1,(anonymous_19)
FNDA:1,(anonymous_20)
FNDA:1,(anonymous_21)
FNDA:1,(anonymous_22)
DA:3,2
DA:4,2
DA:6,2
DA:10,2
DA:13,2
DA:14,2
DA:15,1
DA:16,1
DA:19,2
DA:20,2
DA:21,0
DA:23,2
DA:26,2
DA:27,1
DA:28,1
DA:29,0
DA:31,1
DA:34,5
DA:35,5
DA:36,5
DA:37,2
DA:39,3
DA:42,2
DA:43,2
DA:47,2
DA:48,1
DA:50,1
DA:53,2
DA:54,2
DA:57,2
DA:58,1
DA:59,1
DA:60,0
DA:62,1
DA:65,2
DA:66,1
DA:67,1
DA:68,0
DA:70,1
LF:39
LH:35
BRDA:14,0,0,1
BRDA:14,0,1,1
BRDA:15,1,0,1
BRDA:15,1,1,0
BRDA:20,2,0,0
BRDA:20,2,1,2
BRDA:28,3,0,0
BRDA:28,3,1,1
BRDA:36,4,0,2
BRDA:36,4,1,3
BRDA:47,5,0,1
BRDA:47,5,1,1
BRDA:59,6,0,0
BRDA:59,6,1,1
BRDA:67,7,0,0
BRDA:67,7,1,1
BRF:16
BRH:11
end_of_record
TN:
SF:src/outers/routes/RootRoute.ts
FN:16,(anonymous_8)
FN:22,(anonymous_9)
FN:22,(anonymous_10)
FN:47,(anonymous_11)
FN:47,(anonymous_12)
FNF:5
FNH:5
FNDA:2,(anonymous_8)
FNDA:2,(anonymous_9)
FNDA:2,(anonymous_10)
FNDA:2,(anonymous_11)
FNDA:2,(anonymous_12)
DA:1,2
DA:3,2
DA:4,2
DA:5,2
DA:7,2
DA:8,2
DA:9,2
DA:11,2
DA:17,2
DA:18,2
DA:19,2
DA:22,2
DA:23,2
DA:25,2
DA:26,2
DA:27,2
DA:31,2
DA:32,2
DA:34,2
DA:35,2
DA:36,2
DA:41,2
DA:42,2
DA:44,2
DA:47,2
LF:25
LH:25
BRF:0
BRH:0
end_of_record
TN:
SF:src/outers/schemas/UserSchema.ts
FNF:0
FNH:0
DA:1,2
DA:4,2
DA:20,2
LF:3
LH:3
BRF:0
BRH:0
end_of_record
TN:
SF:src/outers/utilities/ObjectUtility.ts
FN:2,(anonymous_0)
FN:3,(anonymous_1)
FNF:2
FNH:0
FNDA:0,(anonymous_0)
FNDA:0,(anonymous_1)
DA:2,0
DA:3,0
DA:4,0
DA:5,0
DA:6,0
DA:10,0
LF:6
LH:0
BRDA:5,0,0,0
BRDA:5,0,1,0
BRF:2
BRH:0
end_of_record
